10:26:16.223 [main] INFO  testCases.AccontRegistractionTest - clicked on MyAccout link...
10:26:16.750 [main] INFO  testCases.AccontRegistractionTest - clicked on Register link...
10:26:16.756 [main] INFO  testCases.AccontRegistractionTest - providing customer details...
10:30:52.970 [main] INFO  testCases.AccontRegistractionTest - clicked on MyAccout link...
10:30:53.491 [main] INFO  testCases.AccontRegistractionTest - clicked on Register link...
10:30:53.497 [main] INFO  testCases.AccontRegistractionTest - providing customer details...
10:32:43.606 [main] INFO  testCases.AccontRegistractionTest - clicked on MyAccout link...
10:32:44.132 [main] INFO  testCases.AccontRegistractionTest - clicked on Register link...
10:32:44.138 [main] INFO  testCases.AccontRegistractionTest - providing customer details...
09:58:49.526 [main] INFO  testCases.AccontRegistractionTest - clicked on MyAccout link...
09:58:50.112 [main] INFO  testCases.AccontRegistractionTest - clicked on Register link...
09:58:50.121 [main] INFO  testCases.AccontRegistractionTest - providing customer details...
10:00:09.409 [main] INFO  testCases.AccontRegistractionTest - clicked on MyAccout link...
10:00:09.998 [main] INFO  testCases.AccontRegistractionTest - clicked on Register link...
10:00:10.005 [main] INFO  testCases.AccontRegistractionTest - providing customer details...
10:00:11.453 [main] INFO  testCases.AccontRegistractionTest - Fimished Test cases......
10:01:09.314 [main] INFO  testCases.AccontRegistractionTest - clicked on MyAccout link...
10:01:09.866 [main] INFO  testCases.AccontRegistractionTest - clicked on Register link...
10:01:09.873 [main] INFO  testCases.AccontRegistractionTest - providing customer details...
10:01:11.083 [main] INFO  testCases.AccontRegistractionTest - Fimished Test cases......
10:01:41.780 [main] INFO  testCases.AccontRegistractionTest - clicked on MyAccout link...
10:01:43.033 [main] INFO  testCases.AccontRegistractionTest - clicked on Register link...
10:01:43.042 [main] INFO  testCases.AccontRegistractionTest - providing customer details...
10:01:44.373 [main] INFO  testCases.AccontRegistractionTest - Fimished Test cases......
10:06:16.264 [main] INFO  testCases.AccontRegistractionTest - clicked on MyAccout link...
10:06:17.027 [main] INFO  testCases.AccontRegistractionTest - clicked on Register link...
10:06:17.034 [main] INFO  testCases.AccontRegistractionTest - providing customer details...
10:06:18.478 [main] INFO  testCases.AccontRegistractionTest - Fimished Test cases......
10:06:22.257 [main] INFO  testCases.AccontRegistractionTest - clicked on MyAccout link...
10:06:22.872 [main] INFO  testCases.AccontRegistractionTest - clicked on Register link...
10:06:22.873 [main] INFO  testCases.AccontRegistractionTest - providing customer details...
10:06:24.263 [main] INFO  testCases.AccontRegistractionTest - Fimished Test cases......
10:06:30.138 [main] INFO  testCases.AccontRegistractionTest - clicked on MyAccout link...
10:06:30.728 [main] INFO  testCases.AccontRegistractionTest - clicked on Register link...
10:06:30.729 [main] INFO  testCases.AccontRegistractionTest - providing customer details...
10:06:31.949 [main] INFO  testCases.AccontRegistractionTest - Fimished Test cases......
10:07:28.319 [TestNG-tests-1] INFO  testCases.AccontRegistractionTest - clicked on MyAccout link...
10:07:29.106 [TestNG-tests-1] INFO  testCases.AccontRegistractionTest - clicked on Register link...
10:07:29.120 [TestNG-tests-1] INFO  testCases.AccontRegistractionTest - providing customer details...
10:07:30.411 [TestNG-tests-2] INFO  testCases.AccontRegistractionTest - clicked on MyAccout link...
10:07:30.851 [TestNG-tests-1] INFO  testCases.AccontRegistractionTest - Fimished Test cases......
10:07:31.148 [TestNG-tests-3] INFO  testCases.AccontRegistractionTest - clicked on MyAccout link...
10:07:31.257 [TestNG-tests-2] INFO  testCases.AccontRegistractionTest - clicked on Register link...
10:07:31.259 [TestNG-tests-2] INFO  testCases.AccontRegistractionTest - providing customer details...
10:07:31.748 [TestNG-tests-3] INFO  testCases.AccontRegistractionTest - clicked on Register link...
10:07:31.750 [TestNG-tests-3] INFO  testCases.AccontRegistractionTest - providing customer details...
10:07:33.245 [TestNG-tests-3] INFO  testCases.AccontRegistractionTest - Fimished Test cases......
10:07:33.462 [TestNG-tests-2] INFO  testCases.AccontRegistractionTest - Fimished Test cases......
10:32:07.882 [main] INFO  testCases.AccontRegistractionTest - clicked on MyAccout link...
10:32:08.473 [main] INFO  testCases.AccontRegistractionTest - clicked on Register link...
10:32:08.479 [main] INFO  testCases.AccontRegistractionTest - providing customer details...
10:32:09.914 [main] INFO  testCases.AccontRegistractionTest - Fimished Test cases......
14:49:06.263 [main] INFO  testCases.AccontRegistractionTest - clicked on MyAccout link...
14:49:06.879 [main] INFO  testCases.AccontRegistractionTest - clicked on Register link...
14:49:06.888 [main] INFO  testCases.AccontRegistractionTest - providing customer details...
14:49:08.417 [main] INFO  testCases.AccontRegistractionTest - Fimished Test cases......
15:44:02.259 [main] INFO  testCases.AccontRegistractionTest - clicked on MyAccout link...
15:44:03.112 [main] INFO  testCases.AccontRegistractionTest - clicked on Register link...
15:44:03.120 [main] INFO  testCases.AccontRegistractionTest - providing customer details...
15:44:04.616 [main] INFO  testCases.AccontRegistractionTest - Fimished Test cases......
15:44:08.290 [main] INFO  testCases.LoginTest - ******* Starting Test case 2 **********
15:47:22.716 [main] INFO  testCases.AccontRegistractionTest - clicked on MyAccout link...
15:47:23.690 [main] INFO  testCases.AccontRegistractionTest - clicked on Register link...
15:47:23.697 [main] INFO  testCases.AccontRegistractionTest - providing customer details...
15:47:25.065 [main] INFO  testCases.AccontRegistractionTest - Fimished Test cases......
15:47:28.832 [main] INFO  testCases.LoginTest - ******* Starting Test case 2 **********
15:47:30.266 [main] INFO  testCases.LoginTest - ********** Test case 2 Completed ***********
15:53:05.298 [main] INFO  org.testng.internal.Utils - [TestNG] Running:
  E:\Automation\opencartV121\Master.xml

15:53:06.222 [main] INFO  io.github.bonigarcia.wdm.WebDriverManager - Using chromedriver 130.0.6723.69 (resolved driver for Chrome 130)
15:53:06.255 [main] INFO  io.github.bonigarcia.wdm.WebDriverManager - Exporting webdriver.chrome.driver as C:\Users\HP\.cache\selenium\chromedriver\win64\130.0.6723.69\chromedriver.exe
15:53:09.748 [main] INFO  testCases.LoginTest - ******* Starting Test case 2 **********
15:53:11.139 [main] INFO  testCases.LoginTest - ********** Test case 2 Completed ***********
15:59:15.848 [main] INFO  org.testng.internal.Utils - [TestNG] Running:
  E:\Automation\opencartV121\Master.xml

15:59:16.289 [main] INFO  io.github.bonigarcia.wdm.WebDriverManager - Using chromedriver 130.0.6723.69 (resolved driver for Chrome 130)
15:59:16.320 [main] INFO  io.github.bonigarcia.wdm.WebDriverManager - Exporting webdriver.chrome.driver as C:\Users\HP\.cache\selenium\chromedriver\win64\130.0.6723.69\chromedriver.exe
15:59:21.149 [main] INFO  testCases.LoginTest - ******* Starting Test case 2 **********
15:59:22.593 [main] INFO  testCases.LoginTest - ********** Test case 2 Completed ***********
16:02:24.213 [main] INFO  org.testng.internal.Utils - [TestNG] Running:
  E:\Automation\opencartV121\Master.xml

16:02:24.635 [main] INFO  io.github.bonigarcia.wdm.WebDriverManager - Using chromedriver 130.0.6723.69 (resolved driver for Chrome 130)
16:02:24.658 [main] INFO  io.github.bonigarcia.wdm.WebDriverManager - Exporting webdriver.chrome.driver as C:\Users\HP\.cache\selenium\chromedriver\win64\130.0.6723.69\chromedriver.exe
16:02:29.599 [main] INFO  testCases.LoginTest - ******* Starting Test case 2 **********
16:02:30.997 [main] INFO  testCases.LoginTest - ********** Test case 2 Completed ***********
16:05:11.876 [main] INFO  org.testng.internal.Utils - [TestNG] Running:
  E:\Automation\opencartV121\Master.xml

16:05:12.521 [main] INFO  io.github.bonigarcia.wdm.WebDriverManager - Using chromedriver 130.0.6723.69 (resolved driver for Chrome 130)
16:05:12.553 [main] INFO  io.github.bonigarcia.wdm.WebDriverManager - Exporting webdriver.chrome.driver as C:\Users\HP\.cache\selenium\chromedriver\win64\130.0.6723.69\chromedriver.exe
16:05:17.519 [main] INFO  testCases.LoginTest - ******* Starting Test case 2 **********
16:05:19.049 [main] INFO  testCases.LoginTest - ********** Test case 2 Completed ***********
04:07:58.147 [main] INFO  org.testng.internal.Utils - [Utils] MethodGroupsHelper.collectMethodsByGroup() took 1 ms.
04:07:58.151 [main] INFO  org.testng.internal.Utils - [Utils] MethodGroupsHelper.sortMethods() took 0 ms.
04:07:58.152 [main] INFO  org.testng.internal.Utils - [Utils] MethodGroupsHelper.collectMethodsByGroup() took 0 ms.
04:07:58.153 [main] INFO  org.testng.internal.Utils - [Utils] MethodGroupsHelper.sortMethods() took 0 ms.
04:07:58.153 [main] INFO  org.testng.internal.Utils - [Utils] MethodGroupsHelper.collectMethodsByGroup() took 0 ms.
04:07:58.153 [main] INFO  org.testng.internal.Utils - [Utils] MethodGroupsHelper.sortMethods() took 0 ms.
04:07:58.154 [main] INFO  org.testng.internal.Utils - [Utils] MethodGroupsHelper.collectMethodsByGroup() took 0 ms.
04:07:58.154 [main] INFO  org.testng.internal.Utils - [Utils] MethodGroupsHelper.sortMethods() took 0 ms.
04:07:58.161 [main] INFO  org.testng.internal.Utils - [Utils] MethodGroupsHelper.collectMethodsByGroup() took 6 ms.
04:07:58.169 [main] INFO  org.testng.internal.Utils - [Utils] MethodGroupsHelper.sortMethods() took 7 ms.
04:07:58.171 [main] INFO  org.testng.internal.Utils - [Utils] MethodGroupsHelper.collectMethodsByGroup() took 0 ms.
04:07:58.171 [main] INFO  org.testng.internal.Utils - [Utils] MethodGroupsHelper.sortMethods() took 0 ms.
04:07:58.172 [main] INFO  org.testng.internal.Utils - [Utils] MethodGroupsHelper.collectMethodsByGroup() took 0 ms.
04:07:58.173 [main] INFO  org.testng.internal.Utils - [Utils] MethodGroupsHelper.sortMethods() took 0 ms.
04:07:58.173 [main] INFO  org.testng.internal.Utils - [Utils] MethodGroupsHelper.collectMethodsByGroup() took 0 ms.
04:07:58.173 [main] INFO  org.testng.internal.Utils - [Utils] MethodGroupsHelper.sortMethods() took 0 ms.
04:07:58.176 [main] INFO  org.testng.internal.Utils - [Utils] MethodGroupsHelper.collectMethodsByGroup() took 0 ms.
04:07:58.176 [main] INFO  org.testng.internal.Utils - [Utils] MethodGroupsHelper.sortMethods() took 0 ms.
04:07:58.176 [main] INFO  org.testng.internal.Utils - [Utils] MethodGroupsHelper.collectMethodsByGroup() took 0 ms.
04:07:58.177 [main] INFO  org.testng.internal.Utils - [Utils] MethodGroupsHelper.sortMethods() took 0 ms.
04:07:58.179 [main] INFO  org.testng.internal.Utils - [Utils] MethodGroupsHelper.collectMethodsByGroup() took 0 ms.
04:07:58.179 [main] INFO  org.testng.internal.Utils - [Utils] MethodGroupsHelper.sortMethods() took 0 ms.
04:07:58.179 [main] INFO  org.testng.internal.Utils - [Utils] MethodGroupsHelper.collectMethodsByGroup() took 0 ms.
04:07:58.179 [main] INFO  org.testng.internal.Utils - [Utils] MethodGroupsHelper.sortMethods() took 0 ms.
04:07:58.180 [main] INFO  org.testng.internal.Utils - [Utils] MethodGroupsHelper.collectMethodsByGroup() took 0 ms.
04:07:58.181 [main] INFO  org.testng.internal.Utils - [Utils] MethodGroupsHelper.sortMethods() took 0 ms.
04:07:58.183 [main] INFO  org.testng.internal.Utils - [Utils] MethodGroupsHelper.collectMethodsByGroup() took 0 ms.
04:07:58.183 [main] INFO  org.testng.internal.Utils - [Utils] MethodGroupsHelper.sortMethods() took 0 ms.
04:07:58.183 [main] INFO  org.testng.internal.Utils - [Utils] MethodGroupsHelper.collectMethodsByGroup() took 0 ms.
04:07:58.183 [main] INFO  org.testng.internal.Utils - [Utils] MethodGroupsHelper.sortMethods() took 0 ms.
04:07:58.188 [main] INFO  org.testng.internal.Utils - [TestNG] Running:
  C:\Users\HP\AppData\Local\Temp\testng-eclipse--1909114054\testng-customsuite.xml

04:07:58.200 [main] INFO  org.testng.internal.Utils - [Utils] DynamicGraphHelper.createDynamicGraph() took 2 ms.
04:07:58.352 [main] INFO  org.testng.internal.Utils - [TestNG] Time taken by org.testng.reporters.jq.Main@a8c1f44: 73 ms
04:07:58.360 [main] INFO  org.testng.internal.Utils - [TestNG] Time taken by org.testng.reporters.FailedReporter@15eebbff: 7 ms
04:07:58.368 [main] INFO  org.testng.internal.Utils - [TestNG] Time taken by org.testng.reporters.XMLReporter@40e10ff8: 7 ms
04:07:58.381 [main] INFO  org.testng.internal.Utils - [TestNG] Time taken by org.testng.reporters.EmailableReporter2@7829b776: 12 ms
04:07:58.388 [main] INFO  org.testng.internal.Utils - [TestNG] Time taken by org.testng.reporters.JUnitReportReporter@15c25153: 7 ms
04:07:58.389 [main] INFO  org.testng.internal.Utils - [TestNG] Time taken by org.testng.internal.ExitCodeListener@1252b961: 0 ms
04:10:35.928 [main] INFO  org.testng.internal.Utils - [TestNG] Running:
  E:\Automation\opencartV121\Master.xml

04:10:40.760 [main] INFO  testCases.AccontRegistractionTest - clicked on MyAccout link...
04:10:41.521 [main] INFO  testCases.AccontRegistractionTest - clicked on Register link...
04:10:41.528 [main] INFO  testCases.AccontRegistractionTest - providing customer details...
04:10:43.000 [main] INFO  testCases.AccontRegistractionTest - Finished Test cases......
04:10:46.859 [main] INFO  testCases.LoginTest - ******* Starting Test case 2 **********
04:13:30.396 [main] INFO  org.testng.internal.Utils - [TestNG] Running:
  E:\Automation\opencartV121\Master.xml

04:13:36.616 [main] INFO  testCases.AccontRegistractionTest - clicked on MyAccout link...
04:13:37.665 [main] INFO  testCases.AccontRegistractionTest - clicked on Register link...
04:13:37.674 [main] INFO  testCases.AccontRegistractionTest - providing customer details...
04:13:39.339 [main] INFO  testCases.AccontRegistractionTest - Finished Test cases......
04:13:43.331 [main] INFO  testCases.LoginTest - ******* Starting Test case 2 **********
04:15:20.401 [main] INFO  org.testng.internal.Utils - [TestNG] Running:
  E:\Automation\opencartV121\Master.xml

04:15:25.091 [main] INFO  testCases.AccontRegistractionTest - clicked on MyAccout link...
04:15:25.883 [main] INFO  testCases.AccontRegistractionTest - clicked on Register link...
04:15:25.894 [main] INFO  testCases.AccontRegistractionTest - providing customer details...
04:15:27.579 [main] INFO  testCases.AccontRegistractionTest - Finished Test cases......
04:15:30.944 [main] INFO  testCases.LoginTest - ******* Starting Test case 2 **********
04:15:32.643 [main] INFO  testCases.LoginTest - ********** Test case 2 Completed ***********
04:23:36.168 [main] INFO  org.testng.internal.Utils - [TestNG] Running:
  E:\Automation\opencartV121\Master.xml

04:23:41.972 [main] INFO  testCases.testChangePassword - ********** Test case 3 started ***********
04:26:15.557 [main] INFO  org.testng.internal.Utils - [TestNG] Running:
  E:\Automation\opencartV121\Master.xml

04:26:21.862 [main] INFO  testCases.testChangePassword - ********** Test case 3 started ***********
04:31:23.980 [main] INFO  org.testng.internal.Utils - [TestNG] Running:
  E:\Automation\opencartV121\Master.xml

04:31:28.633 [main] INFO  testCases.testChangePassword - ********** Test case 3 started ***********
04:32:54.723 [main] INFO  org.testng.internal.Utils - [TestNG] Running:
  E:\Automation\opencartV121\Master.xml

04:33:00.575 [main] INFO  testCases.testChangePassword - ********** Test case 3 started ***********
04:33:03.705 [main] INFO  testCases.testChangePassword - ********** Test case 3 Completed ***********
04:34:19.771 [main] INFO  org.testng.internal.Utils - [TestNG] Running:
  E:\Automation\opencartV121\Master.xml

04:34:23.414 [main] INFO  testCases.testChangePassword - ********** Test case 3 started ***********
04:34:56.314 [main] INFO  org.testng.internal.Utils - [TestNG] Running:
  E:\Automation\opencartV121\Master.xml

04:35:00.449 [main] INFO  testCases.testChangePassword - ********** Test case 3 started ***********
04:43:21.536 [main] INFO  org.testng.internal.Utils - [TestNG] Running:
  E:\Automation\opencartV121\Master.xml

04:43:27.577 [main] INFO  testCases.testChangePassword - ********** Test case 3 started ***********
04:43:30.635 [main] INFO  testCases.testChangePassword - ********** Test case 3 Completed ***********
04:45:30.896 [main] INFO  org.testng.internal.Utils - [TestNG] Running:
  E:\Automation\opencartV121\Master.xml

04:45:34.778 [main] INFO  testCases.testChangePassword - ********** Test case 3 started ***********
04:48:28.470 [main] INFO  org.testng.internal.Utils - [TestNG] Running:
  E:\Automation\opencartV121\Master.xml

04:48:34.258 [main] INFO  testCases.testChangePassword - ********** Test case 3 started ***********
04:48:37.968 [main] INFO  testCases.testChangePassword - ********** Test case 3 Completed ***********
11:13:03.574 [main] INFO  org.testng.internal.Utils - [TestNG] Running:
  E:\Automation\opencartV121\grouping.xml

11:13:56.051 [main] INFO  org.testng.internal.Utils - [TestNG] Running:
  E:\Automation\opencartV121\grouping.xml

11:17:19.514 [main] INFO  org.testng.internal.Utils - [TestNG] Running:
  E:\Automation\opencartV121\grouping.xml

11:18:56.971 [main] INFO  org.testng.internal.Utils - [TestNG] Running:
  E:\Automation\opencartV121\Master.xml

11:19:19.608 [main] INFO  testCases.AccontRegistractionTest - clicked on MyAccout link...
11:19:19.898 [main] INFO  testCases.AccontRegistractionTest - clicked on Register link...
11:19:19.904 [main] INFO  testCases.AccontRegistractionTest - providing customer details...
11:19:20.862 [main] INFO  testCases.AccontRegistractionTest - Finished Test cases......
11:19:36.847 [main] INFO  testCases.LoginTest - ******* Starting Test case 2 **********
11:20:40.813 [main] INFO  org.testng.internal.Utils - [TestNG] Running:
  E:\Automation\opencartV121\grouping.xml

11:21:00.842 [main] INFO  org.testng.internal.Utils - [TestNG] Running:
  E:\Automation\opencartV121\grouping.xml

11:21:27.432 [main] INFO  org.testng.internal.Utils - [TestNG] Running:
  E:\Automation\opencartV121\grouping.xml

11:24:12.946 [main] INFO  org.testng.internal.Utils - [TestNG] Running:
  E:\Automation\opencartV121\grouping.xml

11:26:14.102 [main] INFO  org.testng.internal.Utils - [TestNG] Running:
  E:\Automation\opencartV121\grouping.xml

11:26:32.044 [main] INFO  org.testng.internal.Utils - [Utils] MethodGroupsHelper.collectMethodsByGroup() took 0 ms.
11:26:32.047 [main] INFO  org.testng.internal.Utils - [Utils] MethodGroupsHelper.sortMethods() took 0 ms.
11:26:32.049 [main] INFO  org.testng.internal.Utils - [Utils] MethodGroupsHelper.collectMethodsByGroup() took 0 ms.
11:26:32.049 [main] INFO  org.testng.internal.Utils - [Utils] MethodGroupsHelper.sortMethods() took 0 ms.
11:26:32.050 [main] INFO  org.testng.internal.Utils - [Utils] MethodGroupsHelper.collectMethodsByGroup() took 0 ms.
11:26:32.051 [main] INFO  org.testng.internal.Utils - [Utils] MethodGroupsHelper.sortMethods() took 0 ms.
11:26:32.052 [main] INFO  org.testng.internal.Utils - [Utils] MethodGroupsHelper.collectMethodsByGroup() took 0 ms.
11:26:32.052 [main] INFO  org.testng.internal.Utils - [Utils] MethodGroupsHelper.sortMethods() took 0 ms.
11:26:32.057 [main] INFO  org.testng.internal.Utils - [Utils] MethodGroupsHelper.collectMethodsByGroup() took 3 ms.
11:26:32.063 [main] INFO  org.testng.internal.Utils - [Utils] MethodGroupsHelper.sortMethods() took 5 ms.
11:26:32.064 [main] INFO  org.testng.internal.Utils - [Utils] MethodGroupsHelper.collectMethodsByGroup() took 0 ms.
11:26:32.065 [main] INFO  org.testng.internal.Utils - [Utils] MethodGroupsHelper.sortMethods() took 1 ms.
11:26:32.067 [main] INFO  org.testng.internal.Utils - [Utils] MethodGroupsHelper.collectMethodsByGroup() took 0 ms.
11:26:32.067 [main] INFO  org.testng.internal.Utils - [Utils] MethodGroupsHelper.sortMethods() took 0 ms.
11:26:32.068 [main] INFO  org.testng.internal.Utils - [Utils] MethodGroupsHelper.collectMethodsByGroup() took 0 ms.
11:26:32.068 [main] INFO  org.testng.internal.Utils - [Utils] MethodGroupsHelper.sortMethods() took 0 ms.
11:26:32.070 [main] INFO  org.testng.internal.Utils - [Utils] MethodGroupsHelper.collectMethodsByGroup() took 0 ms.
11:26:32.070 [main] INFO  org.testng.internal.Utils - [Utils] MethodGroupsHelper.sortMethods() took 0 ms.
11:26:32.071 [main] INFO  org.testng.internal.Utils - [Utils] MethodGroupsHelper.collectMethodsByGroup() took 0 ms.
11:26:32.071 [main] INFO  org.testng.internal.Utils - [Utils] MethodGroupsHelper.sortMethods() took 0 ms.
11:26:32.074 [main] INFO  org.testng.internal.Utils - [Utils] MethodGroupsHelper.collectMethodsByGroup() took 0 ms.
11:26:32.074 [main] INFO  org.testng.internal.Utils - [Utils] MethodGroupsHelper.sortMethods() took 0 ms.
11:26:32.075 [main] INFO  org.testng.internal.Utils - [Utils] MethodGroupsHelper.collectMethodsByGroup() took 0 ms.
11:26:32.075 [main] INFO  org.testng.internal.Utils - [Utils] MethodGroupsHelper.sortMethods() took 0 ms.
11:26:32.076 [main] INFO  org.testng.internal.Utils - [Utils] MethodGroupsHelper.collectMethodsByGroup() took 1 ms.
11:26:32.076 [main] INFO  org.testng.internal.Utils - [Utils] MethodGroupsHelper.sortMethods() took 0 ms.
11:26:32.078 [main] INFO  org.testng.internal.Utils - [Utils] MethodGroupsHelper.collectMethodsByGroup() took 0 ms.
11:26:32.078 [main] INFO  org.testng.internal.Utils - [Utils] MethodGroupsHelper.sortMethods() took 0 ms.
11:26:32.078 [main] INFO  org.testng.internal.Utils - [Utils] MethodGroupsHelper.collectMethodsByGroup() took 0 ms.
11:26:32.078 [main] INFO  org.testng.internal.Utils - [Utils] MethodGroupsHelper.sortMethods() took 0 ms.
11:26:32.083 [main] INFO  org.testng.internal.Utils - [TestNG] Running:
  C:\Users\HP\AppData\Local\Temp\testng-eclipse--694918942\testng-customsuite.xml

11:26:32.095 [main] INFO  org.testng.internal.Utils - [Utils] DynamicGraphHelper.createDynamicGraph() took 2 ms.
11:26:32.236 [main] INFO  org.testng.internal.Utils - [TestNG] Time taken by org.testng.reporters.jq.Main@5b04476e: 61 ms
11:26:32.245 [main] INFO  org.testng.internal.Utils - [TestNG] Time taken by org.testng.reporters.FailedReporter@6cbcf243: 9 ms
11:26:32.255 [main] INFO  org.testng.internal.Utils - [TestNG] Time taken by org.testng.reporters.XMLReporter@1433046b: 10 ms
11:26:32.261 [main] INFO  org.testng.internal.Utils - [TestNG] Time taken by org.testng.reporters.EmailableReporter2@2dbf4cbd: 5 ms
11:26:32.265 [main] INFO  org.testng.internal.Utils - [TestNG] Time taken by org.testng.reporters.JUnitReportReporter@62fad19: 4 ms
11:26:32.265 [main] INFO  org.testng.internal.Utils - [TestNG] Time taken by org.testng.internal.ExitCodeListener@47dbb1e2: 0 ms
11:27:07.905 [main] INFO  org.testng.internal.Utils - [TestNG] Running:
  E:\Automation\opencartV121\Master.xml

11:27:24.382 [main] INFO  testCases.AccontRegistractionTest - clicked on MyAccout link...
11:27:24.675 [main] INFO  testCases.AccontRegistractionTest - clicked on Register link...
11:27:24.681 [main] INFO  testCases.AccontRegistractionTest - providing customer details...
11:27:25.683 [main] INFO  testCases.AccontRegistractionTest - Finished Test cases......
11:27:58.552 [main] INFO  org.testng.internal.Utils - [TestNG] Running:
  E:\Automation\opencartV121\grouping.xml

11:31:22.439 [main] INFO  org.testng.internal.Utils - [TestNG] Running:
  E:\Automation\opencartV121\grouping.xml

11:31:53.856 [main] INFO  org.testng.internal.Utils - [TestNG] Running:
  E:\Automation\opencartV121\grouping.xml

11:34:36.332 [main] INFO  org.testng.internal.Utils - [TestNG] Running:
  E:\Automation\opencartV121\grouping.xml

11:34:58.344 [main] INFO  org.testng.internal.Utils - [TestNG] Running:
  E:\Automation\opencartV121\grouping.xml

11:41:40.482 [main] INFO  org.testng.internal.Utils - [TestNG] Running:
  E:\Automation\opencartV121\grouping.xml

11:43:44.177 [main] INFO  org.testng.internal.Utils - [TestNG] Running:
  E:\Automation\opencartV121\grouping.xml

11:44:00.485 [main] INFO  testCases.AccontRegistractionTest - clicked on MyAccout link...
11:44:00.775 [main] INFO  testCases.AccontRegistractionTest - clicked on Register link...
11:44:00.781 [main] INFO  testCases.AccontRegistractionTest - providing customer details...
11:44:01.787 [main] INFO  testCases.AccontRegistractionTest - Finished Test cases......
11:44:34.877 [main] INFO  org.testng.internal.Utils - [TestNG] Running:
  E:\Automation\opencartV121\grouping.xml

11:45:25.407 [main] INFO  org.testng.internal.Utils - [TestNG] Running:
  E:\Automation\opencartV121\grouping.xml

14:02:59.530 [main] INFO  org.testng.internal.Utils - [TestNG] Running:
  E:\Automation\opencartV121\Master.xml

14:03:18.863 [main] INFO  testCases.AccontRegistractionTest - clicked on MyAccout link...
14:03:19.215 [main] INFO  testCases.AccontRegistractionTest - clicked on Register link...
14:03:19.226 [main] INFO  testCases.AccontRegistractionTest - providing customer details...
14:03:20.568 [main] INFO  testCases.AccontRegistractionTest - Finished Test cases......
14:04:37.031 [main] INFO  org.testng.internal.Utils - [TestNG] Running:
  E:\Automation\opencartV121\grouping.xml

14:04:53.405 [main] INFO  testCases.LoginTest - ******* Starting Test case 2 **********
14:06:05.323 [main] INFO  org.testng.internal.Utils - [TestNG] Running:
  E:\Automation\opencartV121\grouping.xml

14:06:22.160 [main] INFO  testCases.AccontRegistractionTest - clicked on MyAccout link...
14:06:22.477 [main] INFO  testCases.AccontRegistractionTest - clicked on Register link...
14:06:22.488 [main] INFO  testCases.AccontRegistractionTest - providing customer details...
14:06:23.898 [main] INFO  testCases.AccontRegistractionTest - Finished Test cases......
07:52:57.200 [main] INFO  testCases.AccontRegistractionTest - clicked on MyAccout link...
07:52:57.551 [main] INFO  testCases.AccontRegistractionTest - clicked on Register link...
07:52:57.560 [main] INFO  testCases.AccontRegistractionTest - providing customer details...
07:52:58.840 [main] INFO  testCases.AccontRegistractionTest - Finished Test cases......
